<?xml version="1.0" encoding="UTF-8"?>
<testsuite xmlns:xsi="http://www.w3.org/2001/XMLSchema-instance" xsi:noNamespaceSchemaLocation="https://maven.apache.org/surefire/maven-surefire-plugin/xsd/surefire-test-report-3.0.xsd" version="3.0" name="TestSuite" time="1,071.031" tests="24" errors="0" skipped="0" failures="1">
  <properties>
[...]
</properties>
  <testcase name="testMouseHover" classname="home.TestMouseHover" time="22.194"/>
  <testcase name="testBusinessDelivery" classname="home.TestMouseHover" time="13.606"/>
  <testcase name="testShopAllDepartments" classname="home.TestMouseHover" time="28.241"/>
  <testcase name="testOptical" classname="home.TestMouseHover" time="29.231"/>
  <testcase name="testPharmacy" classname="home.TestMouseHover" time="37.445"/>
  <testcase name="testServices" classname="home.TestMouseHover" time="27.634"/>
  <testcase name="testPhoto" classname="home.TestMouseHover" time="12.195"/>
  <testcase name="testTravel" classname="home.TestMouseHover" time="12.723"/>
  <testcase name="testMembership" classname="home.TestMouseHover" time="37.955"/>
  <testcase name="testChange" classname="home.TestMouseHover" time="7.877">
    <failure message="element not interactable&#10;  (Session info: chrome=77.0.3865.90)&#10;  (Driver info: chromedriver=2.42.591088 (7b2b2dca23cca0862f674758c9a3933e685c27d5),platform=Windows NT 10.0.17134 x86_64) (WARNING: The server did not provide any stacktrace information)&#10;Command duration or timeout: 0 milliseconds&#10;Build info: version: &apos;3.141.59&apos;, revision: &apos;e82be7d358&apos;, time: &apos;2018-11-14T08:17:03&apos;&#10;System info: host: &apos;LAPTOP-9AFL4G62&apos;, ip: &apos;192.168.23.1&apos;, os.name: &apos;Windows 10&apos;, os.arch: &apos;amd64&apos;, os.version: &apos;10.0&apos;, java.version: &apos;1.8.0_221&apos;&#10;Driver info: org.openqa.selenium.chrome.ChromeDriver&#10;Capabilities {acceptInsecureCerts: false, acceptSslCerts: false, applicationCacheEnabled: false, browserConnectionEnabled: false, browserName: chrome, chrome: {chromedriverVersion: 2.42.591088 (7b2b2dca23cca0..., userDataDir: C:\Users\MOHAMM~1\AppData\L...}, cssSelectorsEnabled: true, databaseEnabled: false, goog:chromeOptions: {debuggerAddress: localhost:53325}, handlesAlerts: true, hasTouchScreen: false, javascriptEnabled: true, locationContextEnabled: true, mobileEmulationEnabled: false, nativeEvents: true, networkConnectionEnabled: false, pageLoadStrategy: normal, platform: XP, platformName: XP, rotatable: false, setWindowRect: true, takesHeapSnapshot: true, takesScreenshot: true, unexpectedAlertBehaviour: , unhandledPromptBehavior: , version: 77.0.3865.90, webStorageEnabled: true}&#10;Session ID: e6ec0c37fe88e31fe954ec598391f4fc" type="org.openqa.selenium.ElementNotVisibleException">org.openqa.selenium.ElementNotVisibleException: 
element not interactable
  (Session info: chrome=77.0.3865.90)
  (Driver info: chromedriver=2.42.591088 (7b2b2dca23cca0862f674758c9a3933e685c27d5),platform=Windows NT 10.0.17134 x86_64) (WARNING: The server did not provide any stacktrace information)
Command duration or timeout: 0 milliseconds
Build info: version: '3.141.59', revision: 'e82be7d358', time: '2018-11-14T08:17:03'
System info: host: 'LAPTOP-9AFL4G62', ip: '192.168.23.1', os.name: 'Windows 10', os.arch: 'amd64', os.version: '10.0', java.version: '1.8.0_221'
Driver info: org.openqa.selenium.chrome.ChromeDriver
Capabilities {acceptInsecureCerts: false, acceptSslCerts: false, applicationCacheEnabled: false, browserConnectionEnabled: false, browserName: chrome, chrome: {chromedriverVersion: 2.42.591088 (7b2b2dca23cca0..., userDataDir: C:\Users\MOHAMM~1\AppData\L...}, cssSelectorsEnabled: true, databaseEnabled: false, goog:chromeOptions: {debuggerAddress: localhost:53325}, handlesAlerts: true, hasTouchScreen: false, javascriptEnabled: true, locationContextEnabled: true, mobileEmulationEnabled: false, nativeEvents: true, networkConnectionEnabled: false, pageLoadStrategy: normal, platform: XP, platformName: XP, rotatable: false, setWindowRect: true, takesHeapSnapshot: true, takesScreenshot: true, unexpectedAlertBehaviour: , unhandledPromptBehavior: , version: 77.0.3865.90, webStorageEnabled: true}
Session ID: e6ec0c37fe88e31fe954ec598391f4fc
	at home.TestMouseHover.testChange(TestMouseHover.java:58)
</failure>
    <system-out><![CDATA[MouseHover: 
]]></system-out>
    <system-err><![CDATA[Oct 11, 2019 5:03:57 PM org.openqa.selenium.os.OsProcess destroy
SEVERE: Unable to kill process java.lang.ProcessImpl@28f8e165
Starting ChromeDriver 2.42.591088 (7b2b2dca23cca0862f674758c9a3933e685c27d5) on port 17940
Only local connections are allowed.
Oct 11, 2019 5:04:00 PM org.openqa.selenium.remote.ProtocolHandshake createSession
INFO: Detected dialect: OSS
]]></system-err>
  </testcase>
  <testcase name="testLinkUS" classname="home.TestMouseHover" time="15.53"/>
  <testcase name="testLinkFindWarehouse" classname="home.TestMouseHover" time="6.495"/>
  <testcase name="testImageMattresses" classname="home.TestMouseHover" time="40.058"/>
  <testcase name="testImageBathroom" classname="home.TestMouseHover" time="35.301"/>
  <testcase name="testImageAppliances" classname="home.TestMouseHover" time="36.601"/>
  <testcase name="testImageComputers" classname="home.TestMouseHover" time="36.469"/>
  <testcase name="testOutdoorHeating" classname="home.TestMouseHover" time="36.3"/>
  <testcase name="testFurnitureEssentials" classname="home.TestMouseHover" time="26.917"/>
  <testcase name="testImageHotTubsAndSpas" classname="home.TestMouseHover" time="31.364"/>
  <testcase name="testImageNutrition" classname="home.TestMouseHover" time="31.471"/>
  <testcase name="testImageToys" classname="home.TestMouseHover" time="32.563"/>
  <testcase name="testImageTvs" classname="home.TestMouseHover" time="32.504"/>
  <testcase name="testImageBeauty" classname="home.TestMouseHover" time="31.292"/>
  <testcase name="testImageThisWeeksLooks" classname="home.TestMouseHover" time="24.004"/>
</testsuite>