<?xml version="1.0" encoding="UTF-8"?>
<testsuite xmlns:xsi="http://www.w3.org/2001/XMLSchema-instance" xsi:noNamespaceSchemaLocation="https://maven.apache.org/surefire/maven-surefire-plugin/xsd/surefire-test-report-3.0.xsd" version="3.0" name="TestSuite" time="449.931" tests="22" errors="0" skipped="0" failures="3">
  <properties>
[...]
</properties>
  <testcase name="PlayDirectVideo" classname="amazonSignIn.AmazonSignInTest" time="11.025"/>
  <testcase name="SelectAmazonFresh" classname="amazonSignIn.AmazonSignInTest" time="13.539"/>
  <testcase name="buildInvestorRelation" classname="amazonSignIn.AmazonSignInTest" time="12.569"/>
  <testcase name="clickAbcBooks" classname="amazonSignIn.AmazonSignInTest" time="11.877"/>
  <testcase name="collectOrder" classname="amazonSignIn.AmazonSignInTest" time="20.74"/>
  <testcase name="creteSpaceSelect" classname="amazonSignIn.AmazonSignInTest" time="10.841"/>
  <testcase name="enrollHomeServices" classname="amazonSignIn.AmazonSignInTest" time="11.248"/>
  <testcase name="inspireSelect" classname="amazonSignIn.AmazonSignInTest" time="11.667"/>
  <testcase name="neighborsAppVerify" classname="amazonSignIn.AmazonSignInTest" time="19.668"/>
  <testcase name="selectBookDrive" classname="amazonSignIn.AmazonSignInTest" time="11.442"/>
  <testcase name="selelctAmazonTour" classname="amazonSignIn.AmazonSignInTest" time="13.036"/>
  <testcase name="verifyAccountSignIn" classname="amazonSignIn.AmazonSignInTest" time="20.153">
    <failure message="no such element: Unable to locate element: {&quot;method&quot;:&quot;id&quot;,&quot;selector&quot;:&quot;ap_email&quot;}&#10;  (Session info: chrome=77.0.3865.90)&#10;  (Driver info: chromedriver=2.42.591059 (a3d9684d10d61aa0c45f6723b327283be1ebaad8),platform=Mac OS X 10.14.5 x86_64) (WARNING: The server did not provide any stacktrace information)&#10;Command duration or timeout: 0 milliseconds&#10;For documentation on this error, please visit: https://www.seleniumhq.org/exceptions/no_such_element.html&#10;Build info: version: &apos;3.141.59&apos;, revision: &apos;e82be7d358&apos;, time: &apos;2018-11-14T08:17:03&apos;&#10;System info: host: &apos;Syeds-MacBook-Pro-2.local&apos;, ip: &apos;2601:40:c002:f740:f056:674f:e630:608f%en0&apos;, os.name: &apos;Mac OS X&apos;, os.arch: &apos;x86_64&apos;, os.version: &apos;10.14.5&apos;, java.version: &apos;1.8.0_221&apos;&#10;Driver info: org.openqa.selenium.chrome.ChromeDriver&#10;Capabilities {acceptInsecureCerts: false, acceptSslCerts: false, applicationCacheEnabled: false, browserConnectionEnabled: false, browserName: chrome, chrome: {chromedriverVersion: 2.42.591059 (a3d9684d10d61a..., userDataDir: /var/folders/68/j046cpqs163...}, cssSelectorsEnabled: true, databaseEnabled: false, goog:chromeOptions: {debuggerAddress: localhost:59902}, handlesAlerts: true, hasTouchScreen: false, javascriptEnabled: true, locationContextEnabled: true, mobileEmulationEnabled: false, nativeEvents: true, networkConnectionEnabled: false, pageLoadStrategy: normal, platform: MAC, platformName: MAC, rotatable: false, setWindowRect: true, takesHeapSnapshot: true, takesScreenshot: true, unexpectedAlertBehaviour: , unhandledPromptBehavior: , version: 77.0.3865.90, webStorageEnabled: true}&#10;Session ID: 615c4574fa29a46d10e20476bacee31f&#10;*** Element info: {Using=id, value=ap_email}" type="org.openqa.selenium.NoSuchElementException">org.openqa.selenium.NoSuchElementException: 
no such element: Unable to locate element: {"method":"id","selector":"ap_email"}
  (Session info: chrome=77.0.3865.90)
  (Driver info: chromedriver=2.42.591059 (a3d9684d10d61aa0c45f6723b327283be1ebaad8),platform=Mac OS X 10.14.5 x86_64) (WARNING: The server did not provide any stacktrace information)
Command duration or timeout: 0 milliseconds
For documentation on this error, please visit: https://www.seleniumhq.org/exceptions/no_such_element.html
Build info: version: '3.141.59', revision: 'e82be7d358', time: '2018-11-14T08:17:03'
System info: host: 'Syeds-MacBook-Pro-2.local', ip: '2601:40:c002:f740:f056:674f:e630:608f%en0', os.name: 'Mac OS X', os.arch: 'x86_64', os.version: '10.14.5', java.version: '1.8.0_221'
Driver info: org.openqa.selenium.chrome.ChromeDriver
Capabilities {acceptInsecureCerts: false, acceptSslCerts: false, applicationCacheEnabled: false, browserConnectionEnabled: false, browserName: chrome, chrome: {chromedriverVersion: 2.42.591059 (a3d9684d10d61a..., userDataDir: /var/folders/68/j046cpqs163...}, cssSelectorsEnabled: true, databaseEnabled: false, goog:chromeOptions: {debuggerAddress: localhost:59902}, handlesAlerts: true, hasTouchScreen: false, javascriptEnabled: true, locationContextEnabled: true, mobileEmulationEnabled: false, nativeEvents: true, networkConnectionEnabled: false, pageLoadStrategy: normal, platform: MAC, platformName: MAC, rotatable: false, setWindowRect: true, takesHeapSnapshot: true, takesScreenshot: true, unexpectedAlertBehaviour: , unhandledPromptBehavior: , version: 77.0.3865.90, webStorageEnabled: true}
Session ID: 615c4574fa29a46d10e20476bacee31f
*** Element info: {Using=id, value=ap_email}
	at amazonSignIn.AmazonSignInTest.verifyAccountSignIn(AmazonSignInTest.java:11)
</failure>
    <system-err><![CDATA[Starting ChromeDriver 2.42.591059 (a3d9684d10d61aa0c45f6723b327283be1ebaad8) on port 20793
Only local connections are allowed.
Sep 30, 2019 7:11:36 AM org.openqa.selenium.remote.ProtocolHandshake createSession
INFO: Detected dialect: OSS
]]></system-err>
  </testcase>
  <testcase name="verifyBookDepository" classname="amazonSignIn.AmazonSignInTest" time="14.649"/>
  <testcase name="verifyBoxOffice" classname="amazonSignIn.AmazonSignInTest" time="13.895"/>
  <testcase name="verifyIcon" classname="amazonSignIn.AmazonSignInTest" time="10.711"/>
  <testcase name="verifyList" classname="amazonSignIn.AmazonSignInTest" time="32.909"/>
  <testcase name="verifyPageAlexa" classname="amazonSignIn.AmazonSignInTest" time="23.619"/>
  <testcase name="verifyPillPackPharmacy" classname="amazonSignIn.AmazonSignInTest" time="10.112">
    <failure message="invalid selector: Unable to locate an element with the xpath expression //a[contains(text(),&apos;PillPack&apos; because of the following error:&#10;SyntaxError: Failed to execute &apos;evaluate&apos; on &apos;Document&apos;: The string &apos;//a[contains(text(),&apos;PillPack&apos;&apos; is not a valid XPath expression.&#10;  (Session info: chrome=77.0.3865.90)&#10;  (Driver info: chromedriver=2.42.591059 (a3d9684d10d61aa0c45f6723b327283be1ebaad8),platform=Mac OS X 10.14.5 x86_64) (WARNING: The server did not provide any stacktrace information)&#10;Command duration or timeout: 0 milliseconds&#10;For documentation on this error, please visit: https://www.seleniumhq.org/exceptions/invalid_selector_exception.html&#10;Build info: version: &apos;3.141.59&apos;, revision: &apos;e82be7d358&apos;, time: &apos;2018-11-14T08:17:03&apos;&#10;System info: host: &apos;Syeds-MacBook-Pro-2.local&apos;, ip: &apos;2601:40:c002:f740:f056:674f:e630:608f%en0&apos;, os.name: &apos;Mac OS X&apos;, os.arch: &apos;x86_64&apos;, os.version: &apos;10.14.5&apos;, java.version: &apos;1.8.0_221&apos;&#10;Driver info: org.openqa.selenium.chrome.ChromeDriver&#10;Capabilities {acceptInsecureCerts: false, acceptSslCerts: false, applicationCacheEnabled: false, browserConnectionEnabled: false, browserName: chrome, chrome: {chromedriverVersion: 2.42.591059 (a3d9684d10d61a..., userDataDir: /var/folders/68/j046cpqs163...}, cssSelectorsEnabled: true, databaseEnabled: false, goog:chromeOptions: {debuggerAddress: localhost:61300}, handlesAlerts: true, hasTouchScreen: false, javascriptEnabled: true, locationContextEnabled: true, mobileEmulationEnabled: false, nativeEvents: true, networkConnectionEnabled: false, pageLoadStrategy: normal, platform: MAC, platformName: MAC, rotatable: false, setWindowRect: true, takesHeapSnapshot: true, takesScreenshot: true, unexpectedAlertBehaviour: , unhandledPromptBehavior: , version: 77.0.3865.90, webStorageEnabled: true}&#10;Session ID: 3310d99e1bf6b442860cf6789104a4e2&#10;*** Element info: {Using=xpath, value=//a[contains(text(),&apos;PillPack&apos;}" type="org.openqa.selenium.InvalidSelectorException">org.openqa.selenium.InvalidSelectorException: 
invalid selector: Unable to locate an element with the xpath expression //a[contains(text(),'PillPack' because of the following error:
SyntaxError: Failed to execute 'evaluate' on 'Document': The string '//a[contains(text(),'PillPack'' is not a valid XPath expression.
  (Session info: chrome=77.0.3865.90)
  (Driver info: chromedriver=2.42.591059 (a3d9684d10d61aa0c45f6723b327283be1ebaad8),platform=Mac OS X 10.14.5 x86_64) (WARNING: The server did not provide any stacktrace information)
Command duration or timeout: 0 milliseconds
For documentation on this error, please visit: https://www.seleniumhq.org/exceptions/invalid_selector_exception.html
Build info: version: '3.141.59', revision: 'e82be7d358', time: '2018-11-14T08:17:03'
System info: host: 'Syeds-MacBook-Pro-2.local', ip: '2601:40:c002:f740:f056:674f:e630:608f%en0', os.name: 'Mac OS X', os.arch: 'x86_64', os.version: '10.14.5', java.version: '1.8.0_221'
Driver info: org.openqa.selenium.chrome.ChromeDriver
Capabilities {acceptInsecureCerts: false, acceptSslCerts: false, applicationCacheEnabled: false, browserConnectionEnabled: false, browserName: chrome, chrome: {chromedriverVersion: 2.42.591059 (a3d9684d10d61a..., userDataDir: /var/folders/68/j046cpqs163...}, cssSelectorsEnabled: true, databaseEnabled: false, goog:chromeOptions: {debuggerAddress: localhost:61300}, handlesAlerts: true, hasTouchScreen: false, javascriptEnabled: true, locationContextEnabled: true, mobileEmulationEnabled: false, nativeEvents: true, networkConnectionEnabled: false, pageLoadStrategy: normal, platform: MAC, platformName: MAC, rotatable: false, setWindowRect: true, takesHeapSnapshot: true, takesScreenshot: true, unexpectedAlertBehaviour: , unhandledPromptBehavior: , version: 77.0.3865.90, webStorageEnabled: true}
Session ID: 3310d99e1bf6b442860cf6789104a4e2
*** Element info: {Using=xpath, value=//a[contains(text(),'PillPack'}
	at amazonSignIn.AmazonSignInTest.verifyPillPackPharmacy(AmazonSignInTest.java:98)
</failure>
    <system-err><![CDATA[Starting ChromeDriver 2.42.591059 (a3d9684d10d61aa0c45f6723b327283be1ebaad8) on port 18931
Only local connections are allowed.
Sep 30, 2019 7:14:03 AM org.openqa.selenium.remote.ProtocolHandshake createSession
INFO: Detected dialect: OSS
]]></system-err>
  </testcase>
  <testcase name="verifyPressCenter" classname="amazonSignIn.AmazonSignInTest" time="14.488"/>
  <testcase name="verifyRegisterGiftCard" classname="amazonSignIn.AmazonSignInTest" time="10.103">
    <failure message="element not interactable&#10;  (Session info: chrome=77.0.3865.90)&#10;  (Driver info: chromedriver=2.42.591059 (a3d9684d10d61aa0c45f6723b327283be1ebaad8),platform=Mac OS X 10.14.5 x86_64) (WARNING: The server did not provide any stacktrace information)&#10;Command duration or timeout: 0 milliseconds&#10;Build info: version: &apos;3.141.59&apos;, revision: &apos;e82be7d358&apos;, time: &apos;2018-11-14T08:17:03&apos;&#10;System info: host: &apos;Syeds-MacBook-Pro-2.local&apos;, ip: &apos;2601:40:c002:f740:f056:674f:e630:608f%en0&apos;, os.name: &apos;Mac OS X&apos;, os.arch: &apos;x86_64&apos;, os.version: &apos;10.14.5&apos;, java.version: &apos;1.8.0_221&apos;&#10;Driver info: org.openqa.selenium.chrome.ChromeDriver&#10;Capabilities {acceptInsecureCerts: false, acceptSslCerts: false, applicationCacheEnabled: false, browserConnectionEnabled: false, browserName: chrome, chrome: {chromedriverVersion: 2.42.591059 (a3d9684d10d61a..., userDataDir: /var/folders/68/j046cpqs163...}, cssSelectorsEnabled: true, databaseEnabled: false, goog:chromeOptions: {debuggerAddress: localhost:61658}, handlesAlerts: true, hasTouchScreen: false, javascriptEnabled: true, locationContextEnabled: true, mobileEmulationEnabled: false, nativeEvents: true, networkConnectionEnabled: false, pageLoadStrategy: normal, platform: MAC, platformName: MAC, rotatable: false, setWindowRect: true, takesHeapSnapshot: true, takesScreenshot: true, unexpectedAlertBehaviour: , unhandledPromptBehavior: , version: 77.0.3865.90, webStorageEnabled: true}&#10;Session ID: 98716de5927e99ca1d251b63a4ec90d4" type="org.openqa.selenium.ElementNotVisibleException">org.openqa.selenium.ElementNotVisibleException: 
element not interactable
  (Session info: chrome=77.0.3865.90)
  (Driver info: chromedriver=2.42.591059 (a3d9684d10d61aa0c45f6723b327283be1ebaad8),platform=Mac OS X 10.14.5 x86_64) (WARNING: The server did not provide any stacktrace information)
Command duration or timeout: 0 milliseconds
Build info: version: '3.141.59', revision: 'e82be7d358', time: '2018-11-14T08:17:03'
System info: host: 'Syeds-MacBook-Pro-2.local', ip: '2601:40:c002:f740:f056:674f:e630:608f%en0', os.name: 'Mac OS X', os.arch: 'x86_64', os.version: '10.14.5', java.version: '1.8.0_221'
Driver info: org.openqa.selenium.chrome.ChromeDriver
Capabilities {acceptInsecureCerts: false, acceptSslCerts: false, applicationCacheEnabled: false, browserConnectionEnabled: false, browserName: chrome, chrome: {chromedriverVersion: 2.42.591059 (a3d9684d10d61a..., userDataDir: /var/folders/68/j046cpqs163...}, cssSelectorsEnabled: true, databaseEnabled: false, goog:chromeOptions: {debuggerAddress: localhost:61658}, handlesAlerts: true, hasTouchScreen: false, javascriptEnabled: true, locationContextEnabled: true, mobileEmulationEnabled: false, nativeEvents: true, networkConnectionEnabled: false, pageLoadStrategy: normal, platform: MAC, platformName: MAC, rotatable: false, setWindowRect: true, takesHeapSnapshot: true, takesScreenshot: true, unexpectedAlertBehaviour: , unhandledPromptBehavior: , version: 77.0.3865.90, webStorageEnabled: true}
Session ID: 98716de5927e99ca1d251b63a4ec90d4
	at amazonSignIn.AmazonSignInTest.verifyRegisterGiftCard(AmazonSignInTest.java:18)
</failure>
    <system-err><![CDATA[Starting ChromeDriver 2.42.591059 (a3d9684d10d61aa0c45f6723b327283be1ebaad8) on port 46167
Only local connections are allowed.
Sep 30, 2019 7:14:36 AM org.openqa.selenium.remote.ProtocolHandshake createSession
INFO: Detected dialect: OSS
]]></system-err>
  </testcase>
  <testcase name="verifyShopbop" classname="amazonSignIn.AmazonSignInTest" time="14.333"/>
  <testcase name="verifySubscribeButton" classname="amazonSignIn.AmazonSignInTest" time="24.174"/>
</testsuite>