<?xml version="1.0" encoding="UTF-8"?>
<testng-results skipped="0" failed="0" ignored="0" total="0" passed="0">
  <reporter-output>
  </reporter-output>
  <suite name="Amazon Automation Script " duration-ms="19" started-at="2019-10-11T16:56:16 EDT" finished-at="2019-10-11T16:56:16 EDT">
    <groups>
    </groups>
    <test name="Amazon Home" duration-ms="19" started-at="2019-10-11T16:56:16 EDT" finished-at="2019-10-11T16:56:16 EDT">
    </test> <!-- Amazon Home -->
  </suite> <!-- Amazon Automation Script  -->
</testng-results>
