<?xml version="1.0" encoding="UTF-8"?>
<testng-results skipped="0" failed="0" ignored="0" total="0" passed="0">
  <reporter-output>
  </reporter-output>
  <suite name="Aetna Automation Script " duration-ms="20" started-at="2019-10-11T16:56:57 EDT" finished-at="2019-10-11T16:56:57 EDT">
    <groups>
    </groups>
    <test name="Aetna Home" duration-ms="20" started-at="2019-10-11T16:56:57 EDT" finished-at="2019-10-11T16:56:57 EDT">
    </test> <!-- Aetna Home -->
  </suite> <!-- Aetna Automation Script  -->
</testng-results>
